Arguments: 
  /usr/local/Cellar/node/10.5.0_1/bin/node /usr/local/Cellar/yarn/1.7.0/libexec/bin/yarn.js install --silent

PATH: 
  /usr/local/bin:/usr/bin:/bin:/usr/sbin:/sbin:/usr/local/go/bin

Yarn version: 
  1.7.0

Node version: 
  10.5.0

Platform: 
  darwin x64

Trace: 
  Error: https://registry.yarnpkg.com/@nestjs%2fcommon: ETIMEDOUT
      at Timeout._onTimeout (/usr/local/Cellar/yarn/1.7.0/libexec/lib/cli.js:135339:19)
      at ontimeout (timers.js:427:11)
      at tryOnTimeout (timers.js:289:5)
      at listOnTimeout (timers.js:252:5)
      at Timer.processTimers (timers.js:212:10)

npm manifest: 
  {
    "name": "nest-server",
    "version": "1",
    "description": "An api server for blog",
    "author": "Peter Chen",
    "license": "MIT",
    "scripts": {
      "format": "prettier --write \"**/*.ts\"",
      "start": "ts-node -r tsconfig-paths/register src/main.ts",
      "start:dev": "nodemon",
      "prestart:prod": "rm -rf dist && tsc",
      "start:prod": "node dist/main.js",
      "start:hmr": "node dist/server",
      "test": "jest",
      "test:cov": "jest --coverage",
      "test:e2e": "jest --config ./test/jest-e2e.json",
      "webpack": "webpack --config webpack.config.js"
    },
    "dependencies": {
      "@nestjs/common": "^5.0.0",
      "@nestjs/core": "^5.0.0", 
      "fastify-formbody": "^2.0.0",
      "reflect-metadata": "^0.1.12",
      "rxjs": "^6.0.0",
      "typescript": "^2.6.2"
    },
    "devDependencies": {
      "@nestjs/testing": "^5.0.0",
      "@types/express": "^4.0.39",
      "@types/jest": "^21.1.8",
      "@types/node": "^9.3.0",
      "@types/supertest": "^2.0.4",
      "jest": "^21.2.1",
      "nodemon": "^1.14.1",
      "prettier": "^1.11.1",
      "supertest": "^3.0.0",
      "ts-jest": "^21.2.4",
      "ts-loader": "^4.1.0",
      "ts-node": "^4.1.0",
      "tsconfig-paths": "^3.1.1",
      "tslint": "5.3.2",
      "webpack": "^4.2.0",
      "webpack-cli": "^2.0.13",
      "webpack-node-externals": "^1.6.0"
    },
    "jest": {
      "moduleFileExtensions": [
        "js",
        "json",
        "ts"
      ],
      "rootDir": "src",
      "testRegex": ".spec.ts$",
      "transform": {
        "^.+\\.(t|j)s$": "ts-jest"
      },
      "coverageDirectory": "../coverage"
    }
  }

yarn manifest: 
  No manifest

Lockfile: 
  No lockfile
